<?xml version="1.0" encoding="UTF-8"?>
<testng-results ignored="0" total="2" passed="2" failed="0" skipped="0">
  <reporter-output>
  </reporter-output>
  <suite started-at="2019-01-08T02:35:20Z" name="testng" finished-at="2019-01-08T02:35:20Z" duration-ms="29">
    <groups>
    </groups>
    <test started-at="2019-01-08T02:35:20Z" name="test" finished-at="2019-01-08T02:35:20Z" duration-ms="29">
      <class name="com.yiibai.NewTest">
        <test-method signature="f()[pri:0, instance:com.yiibai.NewTest@41a2befb]" started-at="2019-01-08T02:35:20Z" name="f" finished-at="2019-01-08T02:35:20Z" duration-ms="9" status="PASS">
          <reporter-output>
          </reporter-output>
        </test-method> <!-- f -->
        <test-method signature="returnvalue1()[pri:1, instance:com.yiibai.NewTest@41a2befb]" started-at="2019-01-08T02:35:20Z" name="returnvalue1" finished-at="2019-01-08T02:35:20Z" duration-ms="2" status="PASS">
          <reporter-output>
          </reporter-output>
        </test-method> <!-- returnvalue1 -->
      </class> <!-- com.yiibai.NewTest -->
    </test> <!-- test -->
  </suite> <!-- testng -->
</testng-results>
